2026-04-08 06:01:01.246: [INFO] VisibilityChanged: 0
2026-04-08 06:01:01.282: [INFO] RecordSyncInitDuration has_sync_been_enabled: 0 state: 0
2026-04-08 06:01:01.283: [INFO] RecordSyncInitDuration has_sync_been_enabled: 0 state: 0
2026-04-08 06:01:01.285: [INFO] RecordSyncInitDuration has_sync_been_enabled: 0 state: 0
2026-04-08 06:01:01.286: [INFO] RecordSyncInitDuration has_sync_been_enabled: 0 state: 0
2026-04-08 06:01:01.286: [INFO] RecordSyncInitDuration has_sync_been_enabled: 0 state: 0
2026-04-08 06:01:01.287: [INFO] RecordSyncInitDuration has_sync_been_enabled: 0 state: 0
2026-04-08 06:01:01.287: [INFO] RecordSyncInitDuration has_sync_been_enabled: 0 state: 0
2026-04-08 06:01:01.288: [INFO] RecordSyncInitDuration has_sync_been_enabled: 0 state: 0
2026-04-08 06:01:01.288: [INFO] RecordSyncInitDuration has_sync_been_enabled: 0 state: 0
2026-04-08 06:01:01.289: [INFO] RecordSyncInitDuration has_sync_been_enabled: 0 state: 0
2026-04-08 06:01:01.289: [INFO] RecordSyncInitDuration has_sync_been_enabled: 0 state: 0
2026-04-08 06:01:01.290: [INFO] RecordSyncInitDuration has_sync_been_enabled: 0 state: 0
2026-04-08 06:01:01.316: [INFO] RecordSyncInitDuration has_sync_been_enabled: 0 state: 0
2026-04-08 06:01:01.398: [INFO] BookmarkModelLoaded, ids_reassigned: 0
2026-04-08 06:01:01.398: [INFO] OnDoneLoading sync enabled: 0
2026-04-08 06:01:04.699: [INFO] BookmarkNodeAdded, ABU: 0
2026-04-08 06:01:04.700: [INFO] BookmarkNodeAdded, ABU: 0
2026-04-08 06:01:04.702: [INFO] BookmarkNodeAdded, ABU: 0
2026-04-08 06:01:04.702: [INFO] BookmarkNodeAdded, ABU: 0
2026-04-08 06:01:04.704: [INFO] BookmarkNodeAdded, ABU: 0
2026-04-08 06:01:04.705: [INFO] BookmarkNodeAdded, ABU: 0
2026-04-08 06:01:04.705: [INFO] BookmarkNodeAdded, ABU: 0
2026-04-08 06:01:04.706: [INFO] BookmarkNodeAdded, ABU: 0
2026-04-08 06:01:04.706: [INFO] BookmarkNodeAdded, ABU: 0
2026-04-08 06:01:04.707: [INFO] BookmarkNodeAdded, ABU: 0
2026-04-08 06:01:04.708: [INFO] BookmarkNodeAdded, ABU: 0
2026-04-08 06:01:04.709: [INFO] BookmarkNodeAdded, ABU: 0
2026-04-08 06:01:04.709: [INFO] BookmarkNodeAdded, ABU: 0
2026-04-08 06:01:04.710: [INFO] BookmarkNodeAdded, ABU: 0
2026-04-08 06:01:04.710: [INFO] BookmarkNodeAdded, ABU: 0
2026-04-08 06:01:04.710: [INFO] BookmarkNodeAdded, ABU: 0
2026-04-08 06:01:04.711: [INFO] BookmarkNodeAdded, ABU: 0
2026-04-08 06:01:04.711: [INFO] BookmarkNodeAdded, ABU: 0
2026-04-08 06:01:04.712: [INFO] BookmarkNodeAdded, ABU: 0
2026-04-08 06:01:04.712: [INFO] BookmarkNodeAdded, ABU: 0
2026-04-08 06:01:04.713: [INFO] BookmarkNodeAdded, ABU: 0
2026-04-08 06:01:04.714: [INFO] BookmarkNodeAdded, ABU: 0
2026-04-08 06:01:04.715: [INFO] BookmarkNodeAdded, ABU: 0
2026-04-08 06:01:04.715: [INFO] BookmarkNodeAdded, ABU: 0
